<?xml version="1.0" encoding="UTF-8"?>
<!-- Generated by org.testng.reporters.JUnitXMLReporter -->
<testsuite ignored="0" hostname="ROS-262" failures="2" tests="13" name="RegressionTest" time="448.111" errors="0" timestamp="2022-11-16T20:47:29 IST">
  <testcase classname="crmtest.LoginPageTest" name="validateLoginTest" time="29.545">
    <failure type="org.openqa.selenium.NoSuchElementException" message="no such element: Unable to locate element: {&amp;quot;method&amp;quot;:&amp;quot;xpath&amp;quot;,&amp;quot;selector&amp;quot;:&amp;quot;/html/body/table[1]/tbody/tr[2]/td[1]/div/table/tbody/tr/td[4]/a&amp;quot;}
  (Session info: chrome=107.0.5304.107)
For documentation on this error, please visit: https://selenium.dev/exceptions/#no_such_element
Build info: version: &amp;apos;4.5.3&amp;apos;, revision: &amp;apos;4b786a1e430&amp;apos;
System info: os.name: &amp;apos;Windows 10&amp;apos;, os.arch: &amp;apos;amd64&amp;apos;, os.version: &amp;apos;10.0&amp;apos;, java.version: &amp;apos;19.0.1&amp;apos;
Driver info: org.openqa.selenium.chrome.ChromeDriver
Command: [dfe1a7c4e127267a85cad20b8d792ca7, findElement {using=xpath, value=/html/body/table[1]/tbody/tr[2]/td[1]/div/table/tbody/tr/td[4]/a}]
Capabilities {acceptInsecureCerts: false, browserName: chrome, browserVersion: 107.0.5304.107, chrome: {chromedriverVersion: 107.0.5304.62 (1eec40d3a576..., userDataDir: C:\Users\roshan\AppData\Loc...}, goog:chromeOptions: {debuggerAddress: localhost:56700}, networkConnectionEnabled: false, pageLoadStrategy: normal, platformName: WINDOWS, proxy: Proxy(), se:cdp: ws://localhost:56700/devtoo..., se:cdpVersion: 107.0.5304.107, setWindowRect: true, strictFileInteractability: false, timeouts: {implicit: 0, pageLoad: 300000, script: 30000}, unhandledPromptBehavior: dismiss and notify, webauthn:extension:credBlob: true, webauthn:extension:largeBlob: true, webauthn:virtualAuthenticators: true}
Session ID: dfe1a7c4e127267a85cad20b8d792ca7">
      <![CDATA[org.openqa.selenium.NoSuchElementException: no such element: Unable to locate element: {"method":"xpath","selector":"/html/body/table[1]/tbody/tr[2]/td[1]/div/table/tbody/tr/td[4]/a"}
  (Session info: chrome=107.0.5304.107)
For documentation on this error, please visit: https://selenium.dev/exceptions/#no_such_element
Build info: version: '4.5.3', revision: '4b786a1e430'
System info: os.name: 'Windows 10', os.arch: 'amd64', os.version: '10.0', java.version: '19.0.1'
Driver info: org.openqa.selenium.chrome.ChromeDriver
Command: [dfe1a7c4e127267a85cad20b8d792ca7, findElement {using=xpath, value=/html/body/table[1]/tbody/tr[2]/td[1]/div/table/tbody/tr/td[4]/a}]
Capabilities {acceptInsecureCerts: false, browserName: chrome, browserVersion: 107.0.5304.107, chrome: {chromedriverVersion: 107.0.5304.62 (1eec40d3a576..., userDataDir: C:\Users\roshan\AppData\Loc...}, goog:chromeOptions: {debuggerAddress: localhost:56700}, networkConnectionEnabled: false, pageLoadStrategy: normal, platformName: WINDOWS, proxy: Proxy(), se:cdp: ws://localhost:56700/devtoo..., se:cdpVersion: 107.0.5304.107, setWindowRect: true, strictFileInteractability: false, timeouts: {implicit: 0, pageLoad: 300000, script: 30000}, unhandledPromptBehavior: dismiss and notify, webauthn:extension:credBlob: true, webauthn:extension:largeBlob: true, webauthn:virtualAuthenticators: true}
Session ID: dfe1a7c4e127267a85cad20b8d792ca7
at org.openqa.selenium.remote.codec.w3c.W3CHttpResponseCodec.createException(W3CHttpResponseCodec.java:200)
at org.openqa.selenium.remote.codec.w3c.W3CHttpResponseCodec.decode(W3CHttpResponseCodec.java:133)
at org.openqa.selenium.remote.codec.w3c.W3CHttpResponseCodec.decode(W3CHttpResponseCodec.java:53)
at org.openqa.selenium.remote.HttpCommandExecutor.execute(HttpCommandExecutor.java:184)
at org.openqa.selenium.remote.service.DriverCommandExecutor.invokeExecute(DriverCommandExecutor.java:167)
at org.openqa.selenium.remote.service.DriverCommandExecutor.execute(DriverCommandExecutor.java:142)
at org.openqa.selenium.remote.RemoteWebDriver.execute(RemoteWebDriver.java:541)
at org.openqa.selenium.remote.ElementLocation$ElementFinder$2.findElement(ElementLocation.java:162)
at org.openqa.selenium.remote.ElementLocation.findElement(ElementLocation.java:60)
at org.openqa.selenium.remote.RemoteWebDriver.findElement(RemoteWebDriver.java:365)
at org.openqa.selenium.remote.RemoteWebDriver.findElement(RemoteWebDriver.java:357)
at org.openqa.selenium.support.pagefactory.DefaultElementLocator.findElement(DefaultElementLocator.java:70)
at org.openqa.selenium.support.pagefactory.internal.LocatingElementHandler.invoke(LocatingElementHandler.java:39)
at jdk.proxy2/jdk.proxy2.$Proxy17.getText(Unknown Source)
at crmpages.HomePage.logoutButtonText(HomePage.java:69)
at crmtest.LoginPageTest.validateLoginTest(LoginPageTest.java:28)
at java.base/java.util.ArrayList.forEach(ArrayList.java:1511)
... Removed 28 stack frames]]>
    </failure>
  </testcase> <!-- validateLoginTest -->
  <testcase classname="crmtest.LoginPageTest" name="validateLoginPageLogoTest" time="1.0"/>
  <testcase classname="crmtest.LoginPageTest" name="validateLoginPageTitleTest" time="0.072">
    <failure type="java.lang.AssertionError" message="expected [Free CRM - CRM software for customer relationship management, sales, and support.] but found [CRMPRO - CRM software for customer relationship management, sales, and support.]">
      <![CDATA[java.lang.AssertionError: expected [Free CRM - CRM software for customer relationship management, sales, and support.] but found [CRMPRO - CRM software for customer relationship management, sales, and support.]
at crmtest.LoginPageTest.validateLoginPageTitleTest(LoginPageTest.java:42)
at java.base/java.util.ArrayList.forEach(ArrayList.java:1511)
... Removed 31 stack frames]]>
    </failure>
  </testcase> <!-- validateLoginPageTitleTest -->
  <testcase classname="crmtest.HomePageTest" name="validateCreateCallLinkRedirection" time="9.779"/>
  <testcase classname="crmtest.HomePageTest" name="validateCreateCompanyLinkRedirection" time="5.797"/>
  <testcase classname="crmtest.HomePageTest" name="validateCreateContactLinkRedirection" time="15.004"/>
  <testcase classname="crmtest.HomePageTest" name="validateCreateTaskLinkRedirection" time="2.662"/>
  <testcase classname="crmtest.HomePageTest" name="validateLogoutTest" time="1.619"/>
  <testcase classname="crmtest.ContactPageTest" name="validateCreateContactTest" time="0.0">
    <skipped/>
  </testcase> <!-- validateCreateContactTest -->
  <testcase classname="crmtest.ContactPageTest" name="validateDemoTest" time="0.003"/>
  <testcase classname="crmtest.CompanPageTest" name="validateCompanyTest" time="6.526"/>
  <testcase classname="crmtest.DealPageTest" name="validateDealTest" time="0.006"/>
  <testcase classname="crmtest.TaskPageTest" name="validateTaskPageTest" time="2.565"/>
</testsuite> <!-- RegressionTest -->
