<!DOCTYPE html PUBLIC "-//W3C//DTD XHTML 1.1//EN" "https://www.w3.org/TR/xhtml11/DTD/xhtml11.dtd">
<html xmlns="https://www.w3.org/1999/xhtml">
<head>
<meta http-equiv="content-type" content="text/html; charset=UTF-8"/>
<title>TestNG Report</title>
<style type="text/css">table {margin-bottom:10px;border-collapse:collapse;empty-cells:show}th,td {border:1px solid #009;padding:.25em .5em}th {vertical-align:bottom}td {vertical-align:top}table a {font-weight:bold}.stripe td {background-color: #E6EBF9}.num {text-align:right}.passedodd td {background-color: #3F3}.passedeven td {background-color: #0A0}.skippedodd td {background-color: #DDD}.skippedeven td {background-color: #CCC}.failedodd td,.attn {background-color: #F33}.failedeven td,.stripe .attn {background-color: #D00}.stacktrace {white-space:pre;font-family:monospace}.totop {font-size:85%;text-align:center;border-bottom:2px solid #000}.invisible {display:none}</style>
</head>
<body>
<table>
<tr><th>Test</th><th># Passed</th><th># Skipped</th><th># Retried</th><th># Failed</th><th>Time (ms)</th><th>Included Groups</th><th>Excluded Groups</th></tr>
<tr><th colspan="8">CrmTestSuite</th></tr>
<tr><td><a href="#t0">RegressionTest</a></td><td class="num">9</td><td class="num">0</td><td class="num">0</td><td class="num attn">4</td><td class="num">595,102</td><td></td><td></td></tr>
</table>
<table id='summary'><thead><tr><th>Class</th><th>Method</th><th>Start</th><th>Time (ms)</th></tr></thead><tbody><tr><th colspan="4">CrmTestSuite</th></tr></tbody><tbody id="t0"><tr><th colspan="4">RegressionTest &#8212; failed</th></tr><tr class="failedeven"><td rowspan="1">crmtest.ContactPageTest</td><td><a href="#m0">validateCreateContactTest</a></td><td rowspan="1">1668010923113</td><td rowspan="1">5681</td></tr><tr class="failedodd"><td rowspan="3">crmtest.HomePageTest</td><td><a href="#m1">validateCreateCompanyLinkRedirection</a></td><td rowspan="1">1668010600009</td><td rowspan="1">40187</td></tr><tr class="failedodd"><td><a href="#m2">validateCreateContactLinkRedirection</a></td><td rowspan="1">1668010693038</td><td rowspan="1">40131</td></tr><tr class="failedodd"><td><a href="#m3">validateLogoutTest</a></td><td rowspan="1">1668010795221</td><td rowspan="1">40153</td></tr><tr><th colspan="4">RegressionTest &#8212; passed</th></tr><tr class="passedeven"><td rowspan="1">crmtest.CompanPageTest</td><td><a href="#m4">validateCompanyTest</a></td><td rowspan="1">1668011048759</td><td rowspan="1">3</td></tr><tr class="passedodd"><td rowspan="4">crmtest.ContactPageTest</td><td><a href="#m5">validateCreateContactTest</a></td><td rowspan="3">1668011001575</td><td rowspan="3">5246</td></tr><tr class="passedodd"><td><a href="#m6">validateCreateContactTest</a></td></tr><tr class="passedodd"><td><a href="#m7">validateCreateContactTest</a></td></tr><tr class="passedodd"><td><a href="#m8">validateDemoTest</a></td><td rowspan="1">1668011029833</td><td rowspan="1">2</td></tr><tr class="passedeven"><td rowspan="1">crmtest.DealPageTest</td><td><a href="#m9">validateDealTest</a></td><td rowspan="1">1668011048766</td><td rowspan="1">7</td></tr><tr class="passedodd"><td rowspan="3">crmtest.LoginPageTest</td><td><a href="#m10">validateLoginPageLogoTest</a></td><td rowspan="1">1668010536705</td><td rowspan="1">922</td></tr><tr class="passedodd"><td><a href="#m11">validateLoginPageTitleTest</a></td><td rowspan="1">1668010569037</td><td rowspan="1">43</td></tr><tr class="passedodd"><td><a href="#m12">validateLoginTest</a></td><td rowspan="1">1668010490756</td><td rowspan="1">19840</td></tr></tbody>
</table>
<h2>RegressionTest</h2><h3 id="m0">crmtest.ContactPageTest#validateCreateContactTest</h3><table class="result"><tr class="param"><th>Parameter #1</th><th>Parameter #2</th><th>Parameter #3</th><th>Parameter #4</th></tr><tr class="param stripe"><td>Roshan </td><td>Pashte</td><td>5.678901234E9</td><td>Pune</td></tr><tr><th colspan="4">Exception</th></tr><tr><td colspan="4"><div class="stacktrace">java.lang.AssertionError: expected [Roshan  Pashte] but found [Roshan Pashte]
	at crmtest.ContactPageTest.validateCreateContactTest(ContactPageTest.java:38)
	at java.util.ArrayList.forEach(Unknown Source)
... Removed 33 stack frames</div></td></tr></table><p class="totop"><a href="#summary">back to summary</a></p>
<h3 id="m1">crmtest.HomePageTest#validateCreateCompanyLinkRedirection</h3><table class="result"><tr><th>Exception</th></tr><tr><td><div class="stacktrace">org.openqa.selenium.NoSuchFrameException: No frame element found by name or id mainpanel
Build info: version: &apos;4.5.3&apos;, revision: &apos;4b786a1e430&apos;
System info: os.name: &apos;Windows 10&apos;, os.arch: &apos;amd64&apos;, os.version: &apos;10.0&apos;, java.version: &apos;1.8.0_231&apos;
Driver info: driver.version: unknown
	at org.openqa.selenium.remote.RemoteWebDriver$RemoteTargetLocator.frame(RemoteWebDriver.java:1013)
	at util.TestUtility.switchToMainPannelFrame(TestUtility.java:17)
	at crmpages.HomePage.clickOnNewCompany(HomePage.java:47)
	at crmtest.HomePageTest.validateCreateCompanyLinkRedirection(HomePageTest.java:46)
	at java.util.ArrayList.forEach(Unknown Source)
... Removed 27 stack frames</div></td></tr></table><p class="totop"><a href="#summary">back to summary</a></p>
<h3 id="m2">crmtest.HomePageTest#validateCreateContactLinkRedirection</h3><table class="result"><tr><th>Exception</th></tr><tr><td><div class="stacktrace">org.openqa.selenium.NoSuchFrameException: No frame element found by name or id mainpanel
Build info: version: &apos;4.5.3&apos;, revision: &apos;4b786a1e430&apos;
System info: os.name: &apos;Windows 10&apos;, os.arch: &apos;amd64&apos;, os.version: &apos;10.0&apos;, java.version: &apos;1.8.0_231&apos;
Driver info: driver.version: unknown
	at org.openqa.selenium.remote.RemoteWebDriver$RemoteTargetLocator.frame(RemoteWebDriver.java:1013)
	at util.TestUtility.switchToMainPannelFrame(TestUtility.java:17)
	at crmpages.HomePage.clickOnNewContact(HomePage.java:41)
	at crmtest.HomePageTest.validateCreateContactLinkRedirection(HomePageTest.java:38)
	at java.util.ArrayList.forEach(Unknown Source)
... Removed 27 stack frames</div></td></tr></table><p class="totop"><a href="#summary">back to summary</a></p>
<h3 id="m3">crmtest.HomePageTest#validateLogoutTest</h3><table class="result"><tr><th>Exception</th></tr><tr><td><div class="stacktrace">org.openqa.selenium.NoSuchFrameException: No frame element found by name or id mainpanel
Build info: version: &apos;4.5.3&apos;, revision: &apos;4b786a1e430&apos;
System info: os.name: &apos;Windows 10&apos;, os.arch: &apos;amd64&apos;, os.version: &apos;10.0&apos;, java.version: &apos;1.8.0_231&apos;
Driver info: driver.version: unknown
	at org.openqa.selenium.remote.RemoteWebDriver$RemoteTargetLocator.frame(RemoteWebDriver.java:1013)
	at util.TestUtility.switchToMainPannelFrame(TestUtility.java:17)
	at crmpages.HomePage.logout(HomePage.java:36)
	at crmtest.HomePageTest.validateLogoutTest(HomePageTest.java:31)
	at java.util.ArrayList.forEach(Unknown Source)
... Removed 27 stack frames</div></td></tr></table><p class="totop"><a href="#summary">back to summary</a></p>
<h3 id="m4">crmtest.CompanPageTest#validateCompanyTest</h3><table class="result"><tr><th class="invisible"/></tr></table><p class="totop"><a href="#summary">back to summary</a></p>
<h3 id="m5">crmtest.ContactPageTest#validateCreateContactTest</h3><table class="result"><tr class="param"><th>Parameter #1</th><th>Parameter #2</th><th>Parameter #3</th><th>Parameter #4</th></tr><tr class="param stripe"><td>Sourabh</td><td>Talokar</td><td>9.87654321E9</td><td>Pune</td></tr></table><p class="totop"><a href="#summary">back to summary</a></p>
<h3 id="m6">crmtest.ContactPageTest#validateCreateContactTest</h3><table class="result"><tr class="param"><th>Parameter #1</th><th>Parameter #2</th><th>Parameter #3</th><th>Parameter #4</th></tr><tr class="param stripe"><td>Nikita</td><td>Patil</td><td>2.345678901E9</td><td>Pune</td></tr></table><p class="totop"><a href="#summary">back to summary</a></p>
<h3 id="m7">crmtest.ContactPageTest#validateCreateContactTest</h3><table class="result"><tr class="param"><th>Parameter #1</th><th>Parameter #2</th><th>Parameter #3</th><th>Parameter #4</th></tr><tr class="param stripe"><td>Balnath</td><td>Veer</td><td>1.23456789E9</td><td>Pune</td></tr></table><p class="totop"><a href="#summary">back to summary</a></p>
<h3 id="m8">crmtest.ContactPageTest#validateDemoTest</h3><table class="result"><tr><th class="invisible"/></tr></table><p class="totop"><a href="#summary">back to summary</a></p>
<h3 id="m9">crmtest.DealPageTest#validateDealTest</h3><table class="result"><tr><th class="invisible"/></tr></table><p class="totop"><a href="#summary">back to summary</a></p>
<h3 id="m10">crmtest.LoginPageTest#validateLoginPageLogoTest</h3><table class="result"><tr><th class="invisible"/></tr></table><p class="totop"><a href="#summary">back to summary</a></p>
<h3 id="m11">crmtest.LoginPageTest#validateLoginPageTitleTest</h3><table class="result"><tr><th class="invisible"/></tr></table><p class="totop"><a href="#summary">back to summary</a></p>
<h3 id="m12">crmtest.LoginPageTest#validateLoginTest</h3><table class="result"><tr><th class="invisible"/></tr></table><p class="totop"><a href="#summary">back to summary</a></p>
</body>
</html>
