<?xml version="1.0" encoding="UTF-8"?>
<testng-results skipped="0" failed="4" ignored="0" total="13" passed="9">
  <reporter-output>
  </reporter-output>
  <suite name="CrmTestSuite" duration-ms="595102" started-at="2022-11-09T21:44:13 IST" finished-at="2022-11-09T21:54:08 IST">
    <groups>
    </groups>
    <test name="RegressionTest" duration-ms="595102" started-at="2022-11-09T21:44:13 IST" finished-at="2022-11-09T21:54:08 IST">
      <class name="crmtest.LoginPageTest">
        <test-method status="PASS" signature="initialization()[pri:0, instance:crmtest.LoginPageTest@51c8530f]" name="initialization" is-config="true" duration-ms="36872" started-at="2022-11-09T21:44:13 IST" finished-at="2022-11-09T21:44:50 IST">
          <reporter-output>
          </reporter-output>
        </test-method> <!-- initialization -->
        <test-method status="PASS" signature="validateLoginTest()[pri:1, instance:crmtest.LoginPageTest@51c8530f]" name="validateLoginTest" duration-ms="19840" started-at="2022-11-09T21:44:50 IST" finished-at="2022-11-09T21:45:10 IST">
          <reporter-output>
          </reporter-output>
        </test-method> <!-- validateLoginTest -->
        <test-method status="PASS" signature="closeResources()[pri:0, instance:crmtest.LoginPageTest@51c8530f]" name="closeResources" is-config="true" duration-ms="1000" started-at="2022-11-09T21:45:10 IST" finished-at="2022-11-09T21:45:11 IST">
          <reporter-output>
          </reporter-output>
        </test-method> <!-- closeResources -->
        <test-method status="PASS" signature="initialization()[pri:0, instance:crmtest.LoginPageTest@51c8530f]" name="initialization" is-config="true" duration-ms="25099" started-at="2022-11-09T21:45:11 IST" finished-at="2022-11-09T21:45:36 IST">
          <reporter-output>
          </reporter-output>
        </test-method> <!-- initialization -->
        <test-method status="PASS" signature="validateLoginPageLogoTest()[pri:2, instance:crmtest.LoginPageTest@51c8530f]" name="validateLoginPageLogoTest" duration-ms="922" started-at="2022-11-09T21:45:36 IST" finished-at="2022-11-09T21:45:37 IST">
          <reporter-output>
          </reporter-output>
        </test-method> <!-- validateLoginPageLogoTest -->
        <test-method status="PASS" signature="closeResources()[pri:0, instance:crmtest.LoginPageTest@51c8530f]" name="closeResources" is-config="true" duration-ms="3226" started-at="2022-11-09T21:45:37 IST" finished-at="2022-11-09T21:45:40 IST">
          <reporter-output>
          </reporter-output>
        </test-method> <!-- closeResources -->
        <test-method status="PASS" signature="initialization()[pri:0, instance:crmtest.LoginPageTest@51c8530f]" name="initialization" is-config="true" duration-ms="28182" started-at="2022-11-09T21:45:40 IST" finished-at="2022-11-09T21:46:09 IST">
          <reporter-output>
          </reporter-output>
        </test-method> <!-- initialization -->
        <test-method status="PASS" signature="validateLoginPageTitleTest()[pri:3, instance:crmtest.LoginPageTest@51c8530f]" name="validateLoginPageTitleTest" duration-ms="43" started-at="2022-11-09T21:46:09 IST" finished-at="2022-11-09T21:46:09 IST">
          <reporter-output>
          </reporter-output>
        </test-method> <!-- validateLoginPageTitleTest -->
        <test-method status="PASS" signature="closeResources()[pri:0, instance:crmtest.LoginPageTest@51c8530f]" name="closeResources" is-config="true" duration-ms="3511" started-at="2022-11-09T21:46:09 IST" finished-at="2022-11-09T21:46:12 IST">
          <reporter-output>
          </reporter-output>
        </test-method> <!-- closeResources -->
      </class> <!-- crmtest.LoginPageTest -->
      <class name="crmtest.HomePageTest">
        <test-method status="PASS" signature="initialization()[pri:0, instance:crmtest.HomePageTest@78186a70]" name="initialization" is-config="true" duration-ms="27411" started-at="2022-11-09T21:46:12 IST" finished-at="2022-11-09T21:46:40 IST">
          <reporter-output>
          </reporter-output>
        </test-method> <!-- initialization -->
        <test-method status="FAIL" signature="validateCreateCompanyLinkRedirection()[pri:0, instance:crmtest.HomePageTest@78186a70]" name="validateCreateCompanyLinkRedirection" duration-ms="40187" started-at="2022-11-09T21:46:40 IST" finished-at="2022-11-09T21:47:20 IST">
          <exception class="org.openqa.selenium.NoSuchFrameException">
            <message>
              <![CDATA[No frame element found by name or id mainpanel
Build info: version: '4.5.3', revision: '4b786a1e430'
System info: os.name: 'Windows 10', os.arch: 'amd64', os.version: '10.0', java.version: '1.8.0_231'
Driver info: driver.version: unknown]]>
            </message>
            <full-stacktrace>
              <![CDATA[org.openqa.selenium.NoSuchFrameException: No frame element found by name or id mainpanel
Build info: version: '4.5.3', revision: '4b786a1e430'
System info: os.name: 'Windows 10', os.arch: 'amd64', os.version: '10.0', java.version: '1.8.0_231'
Driver info: driver.version: unknown
at org.openqa.selenium.remote.RemoteWebDriver$RemoteTargetLocator.frame(RemoteWebDriver.java:1013)
at util.TestUtility.switchToMainPannelFrame(TestUtility.java:17)
at crmpages.HomePage.clickOnNewCompany(HomePage.java:47)
at crmtest.HomePageTest.validateCreateCompanyLinkRedirection(HomePageTest.java:46)
at sun.reflect.NativeMethodAccessorImpl.invoke0(Native Method)
at sun.reflect.NativeMethodAccessorImpl.invoke(Unknown Source)
at sun.reflect.DelegatingMethodAccessorImpl.invoke(Unknown Source)
at java.lang.reflect.Method.invoke(Unknown Source)
at org.testng.internal.MethodInvocationHelper.invokeMethod(MethodInvocationHelper.java:133)
at org.testng.internal.TestInvoker.invokeMethod(TestInvoker.java:598)
at org.testng.internal.TestInvoker.invokeTestMethod(TestInvoker.java:173)
at org.testng.internal.MethodRunner.runInSequence(MethodRunner.java:46)
at org.testng.internal.TestInvoker$MethodInvocationAgent.invoke(TestInvoker.java:824)
at org.testng.internal.TestInvoker.invokeTestMethods(TestInvoker.java:146)
at org.testng.internal.TestMethodWorker.invokeTestMethods(TestMethodWorker.java:146)
at org.testng.internal.TestMethodWorker.run(TestMethodWorker.java:128)
at java.util.ArrayList.forEach(Unknown Source)
at org.testng.TestRunner.privateRun(TestRunner.java:794)
at org.testng.TestRunner.run(TestRunner.java:596)
at org.testng.SuiteRunner.runTest(SuiteRunner.java:377)
at org.testng.SuiteRunner.runSequentially(SuiteRunner.java:371)
at org.testng.SuiteRunner.privateRun(SuiteRunner.java:332)
at org.testng.SuiteRunner.run(SuiteRunner.java:276)
at org.testng.SuiteRunnerWorker.runSuite(SuiteRunnerWorker.java:53)
at org.testng.SuiteRunnerWorker.run(SuiteRunnerWorker.java:96)
at org.testng.TestNG.runSuitesSequentially(TestNG.java:1212)
at org.testng.TestNG.runSuitesLocally(TestNG.java:1134)
at org.testng.TestNG.runSuites(TestNG.java:1063)
at org.testng.TestNG.run(TestNG.java:1031)
at org.testng.remote.AbstractRemoteTestNG.run(AbstractRemoteTestNG.java:115)
at org.testng.remote.RemoteTestNG.initAndRun(RemoteTestNG.java:251)
at org.testng.remote.RemoteTestNG.main(RemoteTestNG.java:77)
]]>
            </full-stacktrace>
          </exception> <!-- org.openqa.selenium.NoSuchFrameException -->
          <reporter-output>
          </reporter-output>
        </test-method> <!-- validateCreateCompanyLinkRedirection -->
        <test-method status="PASS" signature="closeResources()[pri:0, instance:crmtest.HomePageTest@78186a70]" name="closeResources" is-config="true" duration-ms="3681" started-at="2022-11-09T21:47:20 IST" finished-at="2022-11-09T21:47:23 IST">
          <reporter-output>
          </reporter-output>
        </test-method> <!-- closeResources -->
        <test-method status="PASS" signature="initialization()[pri:0, instance:crmtest.HomePageTest@78186a70]" name="initialization" is-config="true" duration-ms="49062" started-at="2022-11-09T21:47:23 IST" finished-at="2022-11-09T21:48:13 IST">
          <reporter-output>
          </reporter-output>
        </test-method> <!-- initialization -->
        <test-method status="FAIL" signature="validateCreateContactLinkRedirection()[pri:0, instance:crmtest.HomePageTest@78186a70]" name="validateCreateContactLinkRedirection" duration-ms="40131" started-at="2022-11-09T21:48:13 IST" finished-at="2022-11-09T21:48:53 IST">
          <exception class="org.openqa.selenium.NoSuchFrameException">
            <message>
              <![CDATA[No frame element found by name or id mainpanel
Build info: version: '4.5.3', revision: '4b786a1e430'
System info: os.name: 'Windows 10', os.arch: 'amd64', os.version: '10.0', java.version: '1.8.0_231'
Driver info: driver.version: unknown]]>
            </message>
            <full-stacktrace>
              <![CDATA[org.openqa.selenium.NoSuchFrameException: No frame element found by name or id mainpanel
Build info: version: '4.5.3', revision: '4b786a1e430'
System info: os.name: 'Windows 10', os.arch: 'amd64', os.version: '10.0', java.version: '1.8.0_231'
Driver info: driver.version: unknown
at org.openqa.selenium.remote.RemoteWebDriver$RemoteTargetLocator.frame(RemoteWebDriver.java:1013)
at util.TestUtility.switchToMainPannelFrame(TestUtility.java:17)
at crmpages.HomePage.clickOnNewContact(HomePage.java:41)
at crmtest.HomePageTest.validateCreateContactLinkRedirection(HomePageTest.java:38)
at sun.reflect.NativeMethodAccessorImpl.invoke0(Native Method)
at sun.reflect.NativeMethodAccessorImpl.invoke(Unknown Source)
at sun.reflect.DelegatingMethodAccessorImpl.invoke(Unknown Source)
at java.lang.reflect.Method.invoke(Unknown Source)
at org.testng.internal.MethodInvocationHelper.invokeMethod(MethodInvocationHelper.java:133)
at org.testng.internal.TestInvoker.invokeMethod(TestInvoker.java:598)
at org.testng.internal.TestInvoker.invokeTestMethod(TestInvoker.java:173)
at org.testng.internal.MethodRunner.runInSequence(MethodRunner.java:46)
at org.testng.internal.TestInvoker$MethodInvocationAgent.invoke(TestInvoker.java:824)
at org.testng.internal.TestInvoker.invokeTestMethods(TestInvoker.java:146)
at org.testng.internal.TestMethodWorker.invokeTestMethods(TestMethodWorker.java:146)
at org.testng.internal.TestMethodWorker.run(TestMethodWorker.java:128)
at java.util.ArrayList.forEach(Unknown Source)
at org.testng.TestRunner.privateRun(TestRunner.java:794)
at org.testng.TestRunner.run(TestRunner.java:596)
at org.testng.SuiteRunner.runTest(SuiteRunner.java:377)
at org.testng.SuiteRunner.runSequentially(SuiteRunner.java:371)
at org.testng.SuiteRunner.privateRun(SuiteRunner.java:332)
at org.testng.SuiteRunner.run(SuiteRunner.java:276)
at org.testng.SuiteRunnerWorker.runSuite(SuiteRunnerWorker.java:53)
at org.testng.SuiteRunnerWorker.run(SuiteRunnerWorker.java:96)
at org.testng.TestNG.runSuitesSequentially(TestNG.java:1212)
at org.testng.TestNG.runSuitesLocally(TestNG.java:1134)
at org.testng.TestNG.runSuites(TestNG.java:1063)
at org.testng.TestNG.run(TestNG.java:1031)
at org.testng.remote.AbstractRemoteTestNG.run(AbstractRemoteTestNG.java:115)
at org.testng.remote.RemoteTestNG.initAndRun(RemoteTestNG.java:251)
at org.testng.remote.RemoteTestNG.main(RemoteTestNG.java:77)
]]>
            </full-stacktrace>
          </exception> <!-- org.openqa.selenium.NoSuchFrameException -->
          <reporter-output>
          </reporter-output>
        </test-method> <!-- validateCreateContactLinkRedirection -->
        <test-method status="PASS" signature="closeResources()[pri:0, instance:crmtest.HomePageTest@78186a70]" name="closeResources" is-config="true" duration-ms="5526" started-at="2022-11-09T21:48:53 IST" finished-at="2022-11-09T21:48:58 IST">
          <reporter-output>
          </reporter-output>
        </test-method> <!-- closeResources -->
        <test-method status="PASS" signature="initialization()[pri:0, instance:crmtest.HomePageTest@78186a70]" name="initialization" is-config="true" duration-ms="56521" started-at="2022-11-09T21:48:58 IST" finished-at="2022-11-09T21:49:55 IST">
          <reporter-output>
          </reporter-output>
        </test-method> <!-- initialization -->
        <test-method status="FAIL" signature="validateLogoutTest()[pri:0, instance:crmtest.HomePageTest@78186a70]" name="validateLogoutTest" duration-ms="40153" started-at="2022-11-09T21:49:55 IST" finished-at="2022-11-09T21:50:35 IST">
          <exception class="org.openqa.selenium.NoSuchFrameException">
            <message>
              <![CDATA[No frame element found by name or id mainpanel
Build info: version: '4.5.3', revision: '4b786a1e430'
System info: os.name: 'Windows 10', os.arch: 'amd64', os.version: '10.0', java.version: '1.8.0_231'
Driver info: driver.version: unknown]]>
            </message>
            <full-stacktrace>
              <![CDATA[org.openqa.selenium.NoSuchFrameException: No frame element found by name or id mainpanel
Build info: version: '4.5.3', revision: '4b786a1e430'
System info: os.name: 'Windows 10', os.arch: 'amd64', os.version: '10.0', java.version: '1.8.0_231'
Driver info: driver.version: unknown
at org.openqa.selenium.remote.RemoteWebDriver$RemoteTargetLocator.frame(RemoteWebDriver.java:1013)
at util.TestUtility.switchToMainPannelFrame(TestUtility.java:17)
at crmpages.HomePage.logout(HomePage.java:36)
at crmtest.HomePageTest.validateLogoutTest(HomePageTest.java:31)
at sun.reflect.NativeMethodAccessorImpl.invoke0(Native Method)
at sun.reflect.NativeMethodAccessorImpl.invoke(Unknown Source)
at sun.reflect.DelegatingMethodAccessorImpl.invoke(Unknown Source)
at java.lang.reflect.Method.invoke(Unknown Source)
at org.testng.internal.MethodInvocationHelper.invokeMethod(MethodInvocationHelper.java:133)
at org.testng.internal.TestInvoker.invokeMethod(TestInvoker.java:598)
at org.testng.internal.TestInvoker.invokeTestMethod(TestInvoker.java:173)
at org.testng.internal.MethodRunner.runInSequence(MethodRunner.java:46)
at org.testng.internal.TestInvoker$MethodInvocationAgent.invoke(TestInvoker.java:824)
at org.testng.internal.TestInvoker.invokeTestMethods(TestInvoker.java:146)
at org.testng.internal.TestMethodWorker.invokeTestMethods(TestMethodWorker.java:146)
at org.testng.internal.TestMethodWorker.run(TestMethodWorker.java:128)
at java.util.ArrayList.forEach(Unknown Source)
at org.testng.TestRunner.privateRun(TestRunner.java:794)
at org.testng.TestRunner.run(TestRunner.java:596)
at org.testng.SuiteRunner.runTest(SuiteRunner.java:377)
at org.testng.SuiteRunner.runSequentially(SuiteRunner.java:371)
at org.testng.SuiteRunner.privateRun(SuiteRunner.java:332)
at org.testng.SuiteRunner.run(SuiteRunner.java:276)
at org.testng.SuiteRunnerWorker.runSuite(SuiteRunnerWorker.java:53)
at org.testng.SuiteRunnerWorker.run(SuiteRunnerWorker.java:96)
at org.testng.TestNG.runSuitesSequentially(TestNG.java:1212)
at org.testng.TestNG.runSuitesLocally(TestNG.java:1134)
at org.testng.TestNG.runSuites(TestNG.java:1063)
at org.testng.TestNG.run(TestNG.java:1031)
at org.testng.remote.AbstractRemoteTestNG.run(AbstractRemoteTestNG.java:115)
at org.testng.remote.RemoteTestNG.initAndRun(RemoteTestNG.java:251)
at org.testng.remote.RemoteTestNG.main(RemoteTestNG.java:77)
]]>
            </full-stacktrace>
          </exception> <!-- org.openqa.selenium.NoSuchFrameException -->
          <reporter-output>
          </reporter-output>
        </test-method> <!-- validateLogoutTest -->
        <test-method status="PASS" signature="closeResources()[pri:0, instance:crmtest.HomePageTest@78186a70]" name="closeResources" is-config="true" duration-ms="15210" started-at="2022-11-09T21:50:35 IST" finished-at="2022-11-09T21:50:50 IST">
          <reporter-output>
          </reporter-output>
        </test-method> <!-- closeResources -->
      </class> <!-- crmtest.HomePageTest -->
      <class name="crmtest.CompanPageTest">
        <test-method status="PASS" signature="initialization()[pri:0, instance:crmtest.CompanPageTest@4cf4d528]" name="initialization" is-config="true" duration-ms="18322" started-at="2022-11-09T21:53:50 IST" finished-at="2022-11-09T21:54:08 IST">
          <reporter-output>
          </reporter-output>
        </test-method> <!-- initialization -->
        <test-method status="PASS" signature="validateCompanyTest()[pri:0, instance:crmtest.CompanPageTest@4cf4d528]" name="validateCompanyTest" duration-ms="3" started-at="2022-11-09T21:54:08 IST" finished-at="2022-11-09T21:54:08 IST">
          <reporter-output>
          </reporter-output>
        </test-method> <!-- validateCompanyTest -->
        <test-method status="PASS" signature="closeResources()[pri:0, instance:crmtest.CompanPageTest@4cf4d528]" name="closeResources" is-config="true" duration-ms="0" started-at="2022-11-09T21:54:08 IST" finished-at="2022-11-09T21:54:08 IST">
          <reporter-output>
          </reporter-output>
        </test-method> <!-- closeResources -->
      </class> <!-- crmtest.CompanPageTest -->
      <class name="crmtest.ContactPageTest">
        <test-method status="PASS" signature="initialization()[pri:0, instance:crmtest.ContactPageTest@545997b1]" name="initialization" is-config="true" duration-ms="33210" started-at="2022-11-09T21:50:56 IST" finished-at="2022-11-09T21:51:29 IST">
          <reporter-output>
          </reporter-output>
        </test-method> <!-- initialization -->
        <test-method status="PASS" signature="validateCreateContactTest(java.lang.String,java.lang.String,java.lang.String,java.lang.String)[pri:0, instance:crmtest.ContactPageTest@545997b1]" name="validateCreateContactTest" duration-ms="3508" started-at="2022-11-09T21:51:29 IST" data-provider="contactData" finished-at="2022-11-09T21:51:33 IST">
          <params>
            <param index="0">
              <value>
                <![CDATA[Balnath]]>
              </value>
            </param>
            <param index="1">
              <value>
                <![CDATA[Veer]]>
              </value>
            </param>
            <param index="2">
              <value>
                <![CDATA[1.23456789E9]]>
              </value>
            </param>
            <param index="3">
              <value>
                <![CDATA[Pune]]>
              </value>
            </param>
          </params>
          <reporter-output>
          </reporter-output>
        </test-method> <!-- validateCreateContactTest -->
        <test-method status="PASS" signature="closeResources()[pri:0, instance:crmtest.ContactPageTest@545997b1]" name="closeResources" is-config="true" duration-ms="4202" started-at="2022-11-09T21:51:33 IST" finished-at="2022-11-09T21:51:37 IST">
          <reporter-output>
          </reporter-output>
        </test-method> <!-- closeResources -->
        <test-method status="PASS" signature="initialization()[pri:0, instance:crmtest.ContactPageTest@545997b1]" name="initialization" is-config="true" duration-ms="25748" started-at="2022-11-09T21:51:37 IST" finished-at="2022-11-09T21:52:03 IST">
          <reporter-output>
          </reporter-output>
        </test-method> <!-- initialization -->
        <test-method status="FAIL" signature="validateCreateContactTest(java.lang.String,java.lang.String,java.lang.String,java.lang.String)[pri:0, instance:crmtest.ContactPageTest@545997b1]" name="validateCreateContactTest" duration-ms="5681" started-at="2022-11-09T21:52:03 IST" data-provider="contactData" finished-at="2022-11-09T21:52:08 IST">
          <params>
            <param index="0">
              <value>
                <![CDATA[Roshan ]]>
              </value>
            </param>
            <param index="1">
              <value>
                <![CDATA[Pashte]]>
              </value>
            </param>
            <param index="2">
              <value>
                <![CDATA[5.678901234E9]]>
              </value>
            </param>
            <param index="3">
              <value>
                <![CDATA[Pune]]>
              </value>
            </param>
          </params>
          <exception class="java.lang.AssertionError">
            <message>
              <![CDATA[expected [Roshan  Pashte] but found [Roshan Pashte]]]>
            </message>
            <full-stacktrace>
              <![CDATA[java.lang.AssertionError: expected [Roshan  Pashte] but found [Roshan Pashte]
at org.testng.Assert.fail(Assert.java:99)
at org.testng.Assert.failNotEquals(Assert.java:1037)
at org.testng.Assert.assertEqualsImpl(Assert.java:140)
at org.testng.Assert.assertEquals(Assert.java:122)
at org.testng.Assert.assertEquals(Assert.java:629)
at org.testng.Assert.assertEquals(Assert.java:639)
at crmtest.ContactPageTest.validateCreateContactTest(ContactPageTest.java:38)
at sun.reflect.NativeMethodAccessorImpl.invoke0(Native Method)
at sun.reflect.NativeMethodAccessorImpl.invoke(Unknown Source)
at sun.reflect.DelegatingMethodAccessorImpl.invoke(Unknown Source)
at java.lang.reflect.Method.invoke(Unknown Source)
at org.testng.internal.MethodInvocationHelper.invokeMethod(MethodInvocationHelper.java:133)
at org.testng.internal.TestInvoker.invokeMethod(TestInvoker.java:598)
at org.testng.internal.TestInvoker.invokeTestMethod(TestInvoker.java:173)
at org.testng.internal.MethodRunner.runInSequence(MethodRunner.java:46)
at org.testng.internal.TestInvoker$MethodInvocationAgent.invoke(TestInvoker.java:824)
at org.testng.internal.TestInvoker.invokeTestMethods(TestInvoker.java:146)
at org.testng.internal.TestMethodWorker.invokeTestMethods(TestMethodWorker.java:146)
at org.testng.internal.TestMethodWorker.run(TestMethodWorker.java:128)
at java.util.ArrayList.forEach(Unknown Source)
at org.testng.TestRunner.privateRun(TestRunner.java:794)
at org.testng.TestRunner.run(TestRunner.java:596)
at org.testng.SuiteRunner.runTest(SuiteRunner.java:377)
at org.testng.SuiteRunner.runSequentially(SuiteRunner.java:371)
at org.testng.SuiteRunner.privateRun(SuiteRunner.java:332)
at org.testng.SuiteRunner.run(SuiteRunner.java:276)
at org.testng.SuiteRunnerWorker.runSuite(SuiteRunnerWorker.java:53)
at org.testng.SuiteRunnerWorker.run(SuiteRunnerWorker.java:96)
at org.testng.TestNG.runSuitesSequentially(TestNG.java:1212)
at org.testng.TestNG.runSuitesLocally(TestNG.java:1134)
at org.testng.TestNG.runSuites(TestNG.java:1063)
at org.testng.TestNG.run(TestNG.java:1031)
at org.testng.remote.AbstractRemoteTestNG.run(AbstractRemoteTestNG.java:115)
at org.testng.remote.RemoteTestNG.initAndRun(RemoteTestNG.java:251)
at org.testng.remote.RemoteTestNG.main(RemoteTestNG.java:77)
]]>
            </full-stacktrace>
          </exception> <!-- java.lang.AssertionError -->
          <reporter-output>
          </reporter-output>
        </test-method> <!-- validateCreateContactTest -->
        <test-method status="PASS" signature="closeResources()[pri:0, instance:crmtest.ContactPageTest@545997b1]" name="closeResources" is-config="true" duration-ms="917" started-at="2022-11-09T21:52:08 IST" finished-at="2022-11-09T21:52:09 IST">
          <reporter-output>
          </reporter-output>
        </test-method> <!-- closeResources -->
        <test-method status="PASS" signature="initialization()[pri:0, instance:crmtest.ContactPageTest@545997b1]" name="initialization" is-config="true" duration-ms="27965" started-at="2022-11-09T21:52:09 IST" finished-at="2022-11-09T21:52:37 IST">
          <reporter-output>
          </reporter-output>
        </test-method> <!-- initialization -->
        <test-method status="PASS" signature="validateCreateContactTest(java.lang.String,java.lang.String,java.lang.String,java.lang.String)[pri:0, instance:crmtest.ContactPageTest@545997b1]" name="validateCreateContactTest" duration-ms="4094" started-at="2022-11-09T21:52:37 IST" data-provider="contactData" finished-at="2022-11-09T21:52:41 IST">
          <params>
            <param index="0">
              <value>
                <![CDATA[Nikita]]>
              </value>
            </param>
            <param index="1">
              <value>
                <![CDATA[Patil]]>
              </value>
            </param>
            <param index="2">
              <value>
                <![CDATA[2.345678901E9]]>
              </value>
            </param>
            <param index="3">
              <value>
                <![CDATA[Pune]]>
              </value>
            </param>
          </params>
          <reporter-output>
          </reporter-output>
        </test-method> <!-- validateCreateContactTest -->
        <test-method status="PASS" signature="closeResources()[pri:0, instance:crmtest.ContactPageTest@545997b1]" name="closeResources" is-config="true" duration-ms="603" started-at="2022-11-09T21:52:41 IST" finished-at="2022-11-09T21:52:42 IST">
          <reporter-output>
          </reporter-output>
        </test-method> <!-- closeResources -->
        <test-method status="PASS" signature="initialization()[pri:0, instance:crmtest.ContactPageTest@545997b1]" name="initialization" is-config="true" duration-ms="39197" started-at="2022-11-09T21:52:42 IST" finished-at="2022-11-09T21:53:21 IST">
          <reporter-output>
          </reporter-output>
        </test-method> <!-- initialization -->
        <test-method status="PASS" signature="validateCreateContactTest(java.lang.String,java.lang.String,java.lang.String,java.lang.String)[pri:0, instance:crmtest.ContactPageTest@545997b1]" name="validateCreateContactTest" duration-ms="5246" started-at="2022-11-09T21:53:21 IST" data-provider="contactData" finished-at="2022-11-09T21:53:26 IST">
          <params>
            <param index="0">
              <value>
                <![CDATA[Sourabh]]>
              </value>
            </param>
            <param index="1">
              <value>
                <![CDATA[Talokar]]>
              </value>
            </param>
            <param index="2">
              <value>
                <![CDATA[9.87654321E9]]>
              </value>
            </param>
            <param index="3">
              <value>
                <![CDATA[Pune]]>
              </value>
            </param>
          </params>
          <reporter-output>
          </reporter-output>
        </test-method> <!-- validateCreateContactTest -->
        <test-method status="PASS" signature="closeResources()[pri:0, instance:crmtest.ContactPageTest@545997b1]" name="closeResources" is-config="true" duration-ms="591" started-at="2022-11-09T21:53:26 IST" finished-at="2022-11-09T21:53:27 IST">
          <reporter-output>
          </reporter-output>
        </test-method> <!-- closeResources -->
        <test-method status="PASS" signature="initialization()[pri:0, instance:crmtest.ContactPageTest@545997b1]" name="initialization" is-config="true" duration-ms="22419" started-at="2022-11-09T21:53:27 IST" finished-at="2022-11-09T21:53:49 IST">
          <reporter-output>
          </reporter-output>
        </test-method> <!-- initialization -->
        <test-method status="PASS" signature="validateDemoTest()[pri:0, instance:crmtest.ContactPageTest@545997b1]" name="validateDemoTest" duration-ms="2" started-at="2022-11-09T21:53:49 IST" finished-at="2022-11-09T21:53:49 IST">
          <reporter-output>
          </reporter-output>
        </test-method> <!-- validateDemoTest -->
        <test-method status="PASS" signature="closeResources()[pri:0, instance:crmtest.ContactPageTest@545997b1]" name="closeResources" is-config="true" duration-ms="596" started-at="2022-11-09T21:53:49 IST" finished-at="2022-11-09T21:53:50 IST">
          <reporter-output>
          </reporter-output>
        </test-method> <!-- closeResources -->
      </class> <!-- crmtest.ContactPageTest -->
      <class name="crmtest.DealPageTest">
        <test-method status="PASS" signature="initialization()[pri:0, instance:crmtest.DealPageTest@77846d2c]" name="initialization" is-config="true" duration-ms="0" started-at="2022-11-09T21:54:08 IST" finished-at="2022-11-09T21:54:08 IST">
          <reporter-output>
          </reporter-output>
        </test-method> <!-- initialization -->
        <test-method status="PASS" signature="validateDealTest()[pri:0, instance:crmtest.DealPageTest@77846d2c]" name="validateDealTest" duration-ms="7" started-at="2022-11-09T21:54:08 IST" finished-at="2022-11-09T21:54:08 IST">
          <reporter-output>
          </reporter-output>
        </test-method> <!-- validateDealTest -->
        <test-method status="PASS" signature="closeResources()[pri:0, instance:crmtest.DealPageTest@77846d2c]" name="closeResources" is-config="true" duration-ms="0" started-at="2022-11-09T21:54:08 IST" finished-at="2022-11-09T21:54:08 IST">
          <reporter-output>
          </reporter-output>
        </test-method> <!-- closeResources -->
      </class> <!-- crmtest.DealPageTest -->
    </test> <!-- RegressionTest -->
  </suite> <!-- CrmTestSuite -->
</testng-results>
